Using pre-set license
Built from '2020.3/staging' branch; Version is '2020.3.17f1 (a4537701e4ab) revision 10769271'; Using compiler version '192528614'; Build Type 'Release'
OS: 'Windows 10 Pro; OS build 19041.1288; Version 2004; 64bit' Language: 'ko' Physical Memory: 11638 MB
BatchMode: 1, IsHumanControllingUs: 0, StartBugReporterOnCrash: 0, Is64bit: 1, IsPro: 0

COMMAND LINE ARGUMENTS:
C:\Program Files\Unity\Hub\Editor\2020.3.17f1\Editor\Unity.exe
-adb2
-batchMode
-noUpm
-name
AssetImportWorker0
-projectPath
D:/Fork/FpsPrototype
-logFile
Logs/AssetImportWorker0.log
-srvPort
64284
Successfully changed project path to: D:/Fork/FpsPrototype
D:/Fork/FpsPrototype
Using Asset Import Pipeline V2.
Refreshing native plugins compatible for Editor in 32.96 ms, found 2 plugins.
Preloading 0 native plugins for Editor in 0.00 ms.
Initialize engine version: 2020.3.17f1 (a4537701e4ab)
[Subsystems] Discovering subsystems at path C:/Program Files/Unity/Hub/Editor/2020.3.17f1/Editor/Data/Resources/UnitySubsystems
[Subsystems] Discovering subsystems at path D:/Fork/FpsPrototype/Assets
GfxDevice: creating device client; threaded=0
Direct3D:
    Version:  Direct3D 11.0 [level 11.1]
    Renderer: AMD Radeon(TM) Graphics (ID=0x1636)
    Vendor:   
    VRAM:     5819 MB
    Driver:   27.20.11028.10001
Initialize mono
Mono path[0] = 'C:/Program Files/Unity/Hub/Editor/2020.3.17f1/Editor/Data/Managed'
Mono path[1] = 'C:/Program Files/Unity/Hub/Editor/2020.3.17f1/Editor/Data/MonoBleedingEdge/lib/mono/unityjit'
Mono config path = 'C:/Program Files/Unity/Hub/Editor/2020.3.17f1/Editor/Data/MonoBleedingEdge/etc'
Using monoOptions --debugger-agent=transport=dt_socket,embedding=1,server=y,suspend=n,address=127.0.0.1:56672
Begin MonoManager ReloadAssembly
Registering precompiled unity dll's ...
Register platform support module: C:/Program Files/Unity/Hub/Editor/2020.3.17f1/Editor/Data/PlaybackEngines/WindowsStandaloneSupport/UnityEditor.WindowsStandalone.Extensions.dll
Registered in 0.003248 seconds.
Native extension for WindowsStandalone target not found
Refreshing native plugins compatible for Editor in 30.55 ms, found 2 plugins.
Preloading 0 native plugins for Editor in 0.00 ms.
Mono: successfully reloaded assembly
- Completed reload, in  2.265 seconds
Domain Reload Profiling:
	ReloadAssembly (2266ms)
		BeginReloadAssembly (78ms)
			ExecutionOrderSort (0ms)
			DisableScriptedObjects (0ms)
			BackupInstance (0ms)
			ReleaseScriptingObjects (0ms)
			CreateAndSetChildDomain (1ms)
		EndReloadAssembly (414ms)
			LoadAssemblies (75ms)
			RebuildTransferFunctionScriptingTraits (0ms)
			SetupTypeCache (148ms)
			ReleaseScriptCaches (0ms)
			RebuildScriptCaches (31ms)
			SetupLoadedEditorAssemblies (156ms)
				LogAssemblyErrors (0ms)
				InitializePlatformSupportModulesInManaged (4ms)
				SetLoadedEditorAssemblies (0ms)
				RefreshPlugins (31ms)
				BeforeProcessingInitializeOnLoad (18ms)
				ProcessInitializeOnLoadAttributes (76ms)
				ProcessInitializeOnLoadMethodAttributes (27ms)
				AfterProcessingInitializeOnLoad (0ms)
				EditorAssembliesLoaded (0ms)
			ExecutionOrderSort2 (0ms)
			AwakeInstancesAfterBackupRestoration (0ms)
Platform modules already initialized, skipping
Registering precompiled user dll's ...
Registered in 0.003857 seconds.
Begin MonoManager ReloadAssembly
Native extension for WindowsStandalone target not found
Refreshing native plugins compatible for Editor in 0.40 ms, found 2 plugins.
Preloading 0 native plugins for Editor in 0.00 ms.
Mono: successfully reloaded assembly
- Completed reload, in  1.207 seconds
Domain Reload Profiling:
	ReloadAssembly (1208ms)
		BeginReloadAssembly (200ms)
			ExecutionOrderSort (0ms)
			DisableScriptedObjects (5ms)
			BackupInstance (0ms)
			ReleaseScriptingObjects (0ms)
			CreateAndSetChildDomain (24ms)
		EndReloadAssembly (935ms)
			LoadAssemblies (148ms)
			RebuildTransferFunctionScriptingTraits (0ms)
			SetupTypeCache (289ms)
			ReleaseScriptCaches (0ms)
			RebuildScriptCaches (45ms)
			SetupLoadedEditorAssemblies (402ms)
				LogAssemblyErrors (0ms)
				InitializePlatformSupportModulesInManaged (5ms)
				SetLoadedEditorAssemblies (0ms)
				RefreshPlugins (1ms)
				BeforeProcessingInitializeOnLoad (79ms)
				ProcessInitializeOnLoadAttributes (301ms)
				ProcessInitializeOnLoadMethodAttributes (4ms)
				AfterProcessingInitializeOnLoad (11ms)
				EditorAssembliesLoaded (0ms)
			ExecutionOrderSort2 (0ms)
			AwakeInstancesAfterBackupRestoration (6ms)
Platform modules already initialized, skipping
========================================================================
Worker process is ready to serve import requests
Launched and connected shader compiler UnityShaderCompiler.exe after 0.07 seconds
Refreshing native plugins compatible for Editor in 0.56 ms, found 2 plugins.
Preloading 0 native plugins for Editor in 0.00 ms.
Unloading 1412 Unused Serialized files (Serialized files now loaded: 0)
System memory in use before: 69.2 MB.
System memory in use after: 69.3 MB.

Unloading 18 unused Assets to reduce memory usage. Loaded Objects now: 1848.
Total: 3.918500 ms (FindLiveObjects: 0.288800 ms CreateObjectMapping: 0.038900 ms MarkObjects: 3.508100 ms  DeleteObjects: 0.081100 ms)

AssetImportParameters requested are different than current active one (requested -> active):
  custom:framework-win-MediaFoundation: 216162199b28c13a410421893ffa2e32 -> 
  custom:video-decoder-ogg-theora: a1e56fd34408186e4bbccfd4996cb3dc -> 
  custom:container-muxer-webm: aa71ff27fc2769a1b78a27578f13a17b -> 
  custom:container-demuxer-webm: 4f35f7cbe854078d1ac9338744f61a02 -> 
  custom:container-demuxer-ogg: 62fdf1f143b41e24485cea50d1cbac27 -> 
  custom:video-encoder-webm-vp8: eb34c28f22e8b96e1ab97ce403110664 -> 
  custom:video-decoder-webm-vp8: 9c59270c3fd7afecdb556c50c9e8de78 -> 
  custom:audio-decoder-ogg-vorbis: bf7c407c2cedff20999df2af8eb42d56 -> 
  custom:audio-encoder-webm-vorbis: bf7c407c2cedff20999df2af8eb42d56 -> 
========================================================================
Received Import Request.
  path: Assets/MilitaryAircraft_01/Prefabs/MilitaryAircraft_01-tC.prefab
  artifactKey: Guid(be11903f1c48b4e4cafdd1320c63d0c2) Importer(815301076,1909f56bfc062723c751e8b465ee728b)
Start importing Assets/MilitaryAircraft_01/Prefabs/MilitaryAircraft_01-tC.prefab using Guid(be11903f1c48b4e4cafdd1320c63d0c2) Importer(815301076,1909f56bfc062723c751e8b465ee728b)  -> (artifact id: '0726a24edc452858718eed9c475e3eba') in 0.150872 seconds 
  Import took 0.154479 seconds .

========================================================================
Received Import Request.
  Time since last request: 0.000353 seconds.
  path: Assets/MilitaryAircraft_01
  artifactKey: Guid(720de33a5b1fb3847a991bf048008e10) Importer(815301076,1909f56bfc062723c751e8b465ee728b)
Start importing Assets/MilitaryAircraft_01 using Guid(720de33a5b1fb3847a991bf048008e10) Importer(815301076,1909f56bfc062723c751e8b465ee728b)  -> (artifact id: 'bac7ed73a1ecb745670d66f35a26c49e') in 0.003977 seconds 
  Import took 0.006995 seconds .

========================================================================
Received Import Request.
  Time since last request: 0.000363 seconds.
  path: Assets/MilitaryAircraft_01/Prefabs
  artifactKey: Guid(ffeba6f194368de49849048086e943e6) Importer(815301076,1909f56bfc062723c751e8b465ee728b)
Start importing Assets/MilitaryAircraft_01/Prefabs using Guid(ffeba6f194368de49849048086e943e6) Importer(815301076,1909f56bfc062723c751e8b465ee728b)  -> (artifact id: 'e194da253a244aa75a470cdf65bbfd1c') in 0.004159 seconds 
  Import took 0.008289 seconds .

========================================================================
Received Import Request.
  Time since last request: 0.000360 seconds.
  path: Assets/MilitaryAircraft_01/Prefabs/MilitaryAircraft_01.prefab
  artifactKey: Guid(452f71412599d4447b3cc3f66515d583) Importer(815301076,1909f56bfc062723c751e8b465ee728b)
Start importing Assets/MilitaryAircraft_01/Prefabs/MilitaryAircraft_01.prefab using Guid(452f71412599d4447b3cc3f66515d583) Importer(815301076,1909f56bfc062723c751e8b465ee728b)  -> (artifact id: '8fcab7666611c1f931c945458d8514ee') in 0.030034 seconds 
  Import took 0.034236 seconds .

========================================================================
Received Import Request.
  Time since last request: 0.009706 seconds.
  path: Assets/MilitaryAircraft_01/Prefabs/MilitaryAircraft_01.prefab
  artifactKey: Guid(452f71412599d4447b3cc3f66515d583) Importer(815301076,1909f56bfc062723c751e8b465ee728b)
Start importing Assets/MilitaryAircraft_01/Prefabs/MilitaryAircraft_01.prefab using Guid(452f71412599d4447b3cc3f66515d583) Importer(815301076,1909f56bfc062723c751e8b465ee728b)  -> (artifact id: '8fcab7666611c1f931c945458d8514ee') in 0.025832 seconds 
  Import took 0.030496 seconds .

========================================================================
Received Import Request.
  Time since last request: 26.228916 seconds.
  path: Assets/MilitaryAircraft_01/Meshes/MilitaryAircraft_01.FBX
  artifactKey: Guid(1cd7e52b8c6c759439167c5f3383b28f) Importer(815301076,1909f56bfc062723c751e8b465ee728b)
Start importing Assets/MilitaryAircraft_01/Meshes/MilitaryAircraft_01.FBX using Guid(1cd7e52b8c6c759439167c5f3383b28f) Importer(815301076,1909f56bfc062723c751e8b465ee728b)  -> (artifact id: 'e4cc23e9c6ddbcdb01e7fd5f6f1692d4') in 0.627625 seconds 
  Import took 0.631207 seconds .

========================================================================
Received Import Request.
  Time since last request: 0.000520 seconds.
  path: Assets/MilitaryAircraft_01/Meshes/MilitaryAircraft_01.FBX
  artifactKey: Guid(1cd7e52b8c6c759439167c5f3383b28f) Importer(815301076,1909f56bfc062723c751e8b465ee728b)
Start importing Assets/MilitaryAircraft_01/Meshes/MilitaryAircraft_01.FBX using Guid(1cd7e52b8c6c759439167c5f3383b28f) Importer(815301076,1909f56bfc062723c751e8b465ee728b)  -> (artifact id: 'e4cc23e9c6ddbcdb01e7fd5f6f1692d4') in 0.501916 seconds 
  Import took 0.506077 seconds .

========================================================================
Received Import Request.
  Time since last request: 47.087248 seconds.
  path: Assets/Low Poly Forklift
  artifactKey: Guid(34936104ce8fabb4d85e4b387c87f0c9) Importer(815301076,1909f56bfc062723c751e8b465ee728b)
Start importing Assets/Low Poly Forklift using Guid(34936104ce8fabb4d85e4b387c87f0c9) Importer(815301076,1909f56bfc062723c751e8b465ee728b)  -> (artifact id: 'fc9233fd8903dae647817106b9b0c555') in 0.005156 seconds 
  Import took 0.008376 seconds .

========================================================================
Received Import Request.
  Time since last request: 2.047698 seconds.
  path: Assets/Low Poly Forklift/Prefabs
  artifactKey: Guid(2df99a12352d50e429779b30fc7b4200) Importer(815301076,1909f56bfc062723c751e8b465ee728b)
Start importing Assets/Low Poly Forklift/Prefabs using Guid(2df99a12352d50e429779b30fc7b4200) Importer(815301076,1909f56bfc062723c751e8b465ee728b)  -> (artifact id: '9658540cd2e0841efda4770f8e366369') in 0.004060 seconds 
  Import took 0.007114 seconds .

========================================================================
Received Import Request.
  Time since last request: 0.065874 seconds.
  path: Assets/Low Poly Forklift/Prefabs/Barrel_01.prefab
  artifactKey: Guid(a8cf860427b3f2e49a7c593a86cd268f) Importer(815301076,1909f56bfc062723c751e8b465ee728b)
Start importing Assets/Low Poly Forklift/Prefabs/Barrel_01.prefab using Guid(a8cf860427b3f2e49a7c593a86cd268f) Importer(815301076,1909f56bfc062723c751e8b465ee728b)  -> (artifact id: 'c2d9afc3dff15b215e5d5b03655bdecc') in 0.019157 seconds 
  Import took 0.022136 seconds .

========================================================================
Received Import Request.
  Time since last request: 0.000232 seconds.
  path: Assets/Low Poly Forklift/Prefabs/Forklift.prefab
  artifactKey: Guid(07c736aeab7eae34f9eaa7e76376da33) Importer(815301076,1909f56bfc062723c751e8b465ee728b)
Start importing Assets/Low Poly Forklift/Prefabs/Forklift.prefab using Guid(07c736aeab7eae34f9eaa7e76376da33) Importer(815301076,1909f56bfc062723c751e8b465ee728b)  -> (artifact id: 'd5bc37643dd228b180b4ef72f2f69c38') in 0.021728 seconds 
  Import took 0.024899 seconds .

========================================================================
Received Import Request.
  Time since last request: 0.000296 seconds.
  path: Assets/Low Poly Forklift/Prefabs/Palett.prefab
  artifactKey: Guid(a4db35aee5557ea4795ccca09a1bedc6) Importer(815301076,1909f56bfc062723c751e8b465ee728b)
Start importing Assets/Low Poly Forklift/Prefabs/Palett.prefab using Guid(a4db35aee5557ea4795ccca09a1bedc6) Importer(815301076,1909f56bfc062723c751e8b465ee728b)  -> (artifact id: '16024f2b9a26bc9ac48258945e5ad477') in 0.019922 seconds 
  Import took 0.023062 seconds .

========================================================================
Received Import Request.
  Time since last request: 0.000347 seconds.
  path: Assets/Low Poly Forklift/Prefabs/Carton_01.prefab
  artifactKey: Guid(27e4effa687a01a49ba56a68436ffac1) Importer(815301076,1909f56bfc062723c751e8b465ee728b)
Start importing Assets/Low Poly Forklift/Prefabs/Carton_01.prefab using Guid(27e4effa687a01a49ba56a68436ffac1) Importer(815301076,1909f56bfc062723c751e8b465ee728b)  -> (artifact id: '8076dd85a91c116f1117f8e01bd523b3') in 0.020884 seconds 
  Import took 0.024180 seconds .

========================================================================
Received Import Request.
  Time since last request: 0.000318 seconds.
  path: Assets/Low Poly Forklift/Prefabs/Carton_02.prefab
  artifactKey: Guid(6b0ee4a1ac3b2394e88158800ec90495) Importer(815301076,1909f56bfc062723c751e8b465ee728b)
Start importing Assets/Low Poly Forklift/Prefabs/Carton_02.prefab using Guid(6b0ee4a1ac3b2394e88158800ec90495) Importer(815301076,1909f56bfc062723c751e8b465ee728b)  -> (artifact id: 'dc0fb8a73b5ce63bcda63e28266bc16b') in 0.018567 seconds 
  Import took 0.021312 seconds .

========================================================================
Received Import Request.
  Time since last request: 0.000508 seconds.
  path: Assets/Low Poly Forklift/Prefabs/Carton_03.prefab
  artifactKey: Guid(b06197d487b17684280c210a8cc917e3) Importer(815301076,1909f56bfc062723c751e8b465ee728b)
Start importing Assets/Low Poly Forklift/Prefabs/Carton_03.prefab using Guid(b06197d487b17684280c210a8cc917e3) Importer(815301076,1909f56bfc062723c751e8b465ee728b)  -> (artifact id: '58ddb16fb59dacc4d02cceb0733ee30f') in 0.019923 seconds 
  Import took 0.023506 seconds .

========================================================================
Received Import Request.
  Time since last request: 0.000991 seconds.
  path: Assets/Low Poly Forklift/Prefabs/Carton_03.prefab
  artifactKey: Guid(b06197d487b17684280c210a8cc917e3) Importer(815301076,1909f56bfc062723c751e8b465ee728b)
Start importing Assets/Low Poly Forklift/Prefabs/Carton_03.prefab using Guid(b06197d487b17684280c210a8cc917e3) Importer(815301076,1909f56bfc062723c751e8b465ee728b)  -> (artifact id: '58ddb16fb59dacc4d02cceb0733ee30f') in 0.018835 seconds 
  Import took 0.022790 seconds .

========================================================================
Received Import Request.
  Time since last request: 52.923756 seconds.
  path: Assets/Low Poly Forklift/Prefabs/Barrel_01.prefab
  artifactKey: Guid(a8cf860427b3f2e49a7c593a86cd268f) Importer(815301076,1909f56bfc062723c751e8b465ee728b)
Start importing Assets/Low Poly Forklift/Prefabs/Barrel_01.prefab using Guid(a8cf860427b3f2e49a7c593a86cd268f) Importer(815301076,1909f56bfc062723c751e8b465ee728b)  -> (artifact id: 'a0f85bf90e567727f931abb33373261f') in 0.041893 seconds 
  Import took 0.045709 seconds .

========================================================================
Received Import Request.
  Time since last request: 1.760414 seconds.
  path: Assets/Low Poly Forklift/Prefabs/Barrel_01.prefab
  artifactKey: Guid(a8cf860427b3f2e49a7c593a86cd268f) Importer(815301076,1909f56bfc062723c751e8b465ee728b)
Start importing Assets/Low Poly Forklift/Prefabs/Barrel_01.prefab using Guid(a8cf860427b3f2e49a7c593a86cd268f) Importer(815301076,1909f56bfc062723c751e8b465ee728b)  -> (artifact id: 'e1cd686543904da1210fcd7b6e9a1abf') in 0.018555 seconds 
  Import took 0.021778 seconds .

========================================================================
Received Import Request.
  Time since last request: 1.959230 seconds.
  path: Assets/Low Poly Forklift/Prefabs/Barrel_01.prefab
  artifactKey: Guid(a8cf860427b3f2e49a7c593a86cd268f) Importer(815301076,1909f56bfc062723c751e8b465ee728b)
Start importing Assets/Low Poly Forklift/Prefabs/Barrel_01.prefab using Guid(a8cf860427b3f2e49a7c593a86cd268f) Importer(815301076,1909f56bfc062723c751e8b465ee728b)  -> (artifact id: 'c1c78ca74d20e329b50e41245c9c22df') in 0.019678 seconds 
  Import took 0.023021 seconds .

========================================================================
Received Import Request.
  Time since last request: 16.926773 seconds.
  path: Assets/Low Poly Forklift/Prefabs/Palett.prefab
  artifactKey: Guid(a4db35aee5557ea4795ccca09a1bedc6) Importer(815301076,1909f56bfc062723c751e8b465ee728b)
Start importing Assets/Low Poly Forklift/Prefabs/Palett.prefab using Guid(a4db35aee5557ea4795ccca09a1bedc6) Importer(815301076,1909f56bfc062723c751e8b465ee728b)  -> (artifact id: 'f297cb69db1d27d28d78e3e1369741da') in 0.037084 seconds 
  Import took 0.040737 seconds .

========================================================================
Received Import Request.
  Time since last request: 2.173373 seconds.
  path: Assets/Low Poly Forklift/Prefabs/Palett.prefab
  artifactKey: Guid(a4db35aee5557ea4795ccca09a1bedc6) Importer(815301076,1909f56bfc062723c751e8b465ee728b)
Start importing Assets/Low Poly Forklift/Prefabs/Palett.prefab using Guid(a4db35aee5557ea4795ccca09a1bedc6) Importer(815301076,1909f56bfc062723c751e8b465ee728b)  -> (artifact id: '5b69c422458e52f68911944f90f74e55') in 0.017567 seconds 
  Import took 0.020969 seconds .

========================================================================
Received Import Request.
  Time since last request: 1.817883 seconds.
  path: Assets/Low Poly Forklift/Prefabs/Palett.prefab
  artifactKey: Guid(a4db35aee5557ea4795ccca09a1bedc6) Importer(815301076,1909f56bfc062723c751e8b465ee728b)
Start importing Assets/Low Poly Forklift/Prefabs/Palett.prefab using Guid(a4db35aee5557ea4795ccca09a1bedc6) Importer(815301076,1909f56bfc062723c751e8b465ee728b)  -> (artifact id: '2e06f7a74d411bd306e11cb51e733580') in 0.018108 seconds 
  Import took 0.021160 seconds .

AssetImportWorkerClient::OnTransportError - code=2 error=End of file
